100DayChallenge/MySQLAndroidCaching3/app/build/intermediates/manifest_merge_blame_file/release/manifest-merger-blame-release-report.txt
1<?xml version="1.0" encoding="utf-8"?>
2<manifest xmlns:android="http://schemas.android.com/apk/res/android"
3    package="com.test.table.MySQLAndroidCaching3"
4    android:versionCode="1"
5    android:versionName="1.0" >
6
7    <uses-sdk
8        android:minSdkVersion="15"
8-->src/main/AndroidManifest.xml
9        android:targetSdkVersion="28" />
9-->src/main/AndroidManifest.xml
10
11    <uses-permission android:name="android.permission.INTERNET" />
11-->src/main/AndroidManifest.xml:4:5-67
11-->src/main/AndroidManifest.xml:4:22-64
12    <uses-permission android:name="android.permission.ACCESS_NETWORK_STATE" />
12-->src/main/AndroidManifest.xml:5:5-79
12-->src/main/AndroidManifest.xml:5:22-76
13
14    <application
14-->src/main/AndroidManifest.xml:8:5-26:19
15        android:name="com.test.table.MySQLAndroidCaching3.GlobalApplication"
15-->src/main/AndroidManifest.xml:9:9-77
16        android:allowBackup="false"
16-->src/main/AndroidManifest.xml:10:9-36
17        android:appComponentFactory="androidx.core.app.CoreComponentFactory"
17-->[androidx.core:core:1.1.0] AndroidManifest.xml:24:18-86
18        android:icon="@mipmap/ic_launcher"
18-->src/main/AndroidManifest.xml:11:9-43
19        android:label="@string/app_name"
19-->src/main/AndroidManifest.xml:12:9-41
20        android:roundIcon="@mipmap/ic_launcher_round"
20-->src/main/AndroidManifest.xml:13:9-54
21        android:supportsRtl="true"
21-->src/main/AndroidManifest.xml:14:9-35
22        android:theme="@style/AppTheme" >
22-->src/main/AndroidManifest.xml:15:9-40
23        <activity android:name="com.test.table.MySQLAndroidCaching3.MainActivity" >
23-->src/main/AndroidManifest.xml:16:9-22:20
23-->src/main/AndroidManifest.xml:16:19-82
24            <intent-filter>
24-->src/main/AndroidManifest.xml:17:13-21:29
25                <action android:name="android.intent.action.MAIN" />
25-->src/main/AndroidManifest.xml:18:17-69
25-->src/main/AndroidManifest.xml:18:25-66
26
27                <category android:name="android.intent.category.LAUNCHER" />
27-->src/main/AndroidManifest.xml:20:17-77
27-->src/main/AndroidManifest.xml:20:27-74
28            </intent-filter>
29        </activity>
30        <!-- <activity android:name="com.test.table.MySQLAndroidCaching3.NetworkConnection"> -->
31        <!-- android:permission="android.permission.ACCESS_NETWORK_STATE" -->
32        <!-- </activity> -->
33    </application>
34
35</manifest>